<?xml version="1.0" encoding="UTF-8"?>
<testsuite name="com.census.StateCensusAnalyserTest" tests="1" skipped="0" failures="0" errors="0" timestamp="2019-12-03T10:34:56" hostname="bridgelabz" time="0.08">
  <properties/>
  <testcase name="GivenTheStateCodesCsvFile_IfHasCorrectNumberOfRecords_ShouldReturnTrue" classname="com.census.StateCensusAnalyserTest" time="0.08"/>
  <system-out><![CDATA[29
]]></system-out>
  <system-err><![CDATA[]]></system-err>
</testsuite>
