<?xml version="1.0" encoding="UTF-8"?>
<testsuite name="com.census.StateCensusAnalyserTest" tests="1" skipped="0" failures="0" errors="0" timestamp="2019-12-03T10:46:59" hostname="bridgelabz" time="0.083">
  <properties/>
  <testcase name="whenCorrectCensusCSVFile_ButHeaderIncorrect_ShouldReturnFalse" classname="com.census.StateCensusAnalyserTest" time="0.083"/>
  <system-out><![CDATA[]]></system-out>
  <system-err><![CDATA[]]></system-err>
</testsuite>
